2022-06-28 16:32:04.531  INFO 13856 --- [main] c.e.t.TrainingProjectApplication         : Starting TrainingProjectApplication using Java 18.0.1.1 on SD-LP-W10-Omusa with PID 13856 (C:\Users\omusa\Downloads\training-project\target\classes started by omusa in C:\Users\omusa\Downloads\training-project)
2022-06-28 16:32:04.534  INFO 13856 --- [main] c.e.t.TrainingProjectApplication         : No active profile set, falling back to 1 default profile: "default"
2022-06-28 16:32:05.068  INFO 13856 --- [main] .s.d.r.c.RepositoryConfigurationDelegate : Bootstrapping Spring Data JPA repositories in DEFAULT mode.
2022-06-28 16:32:05.133  INFO 13856 --- [main] .s.d.r.c.RepositoryConfigurationDelegate : Finished Spring Data repository scanning in 55 ms. Found 5 JPA repository interfaces.
2022-06-28 16:32:05.605  INFO 13856 --- [main] o.s.b.w.embedded.tomcat.TomcatWebServer  : Tomcat initialized with port(s): 8080 (http)
2022-06-28 16:32:05.613  INFO 13856 --- [main] o.apache.catalina.core.StandardService   : Starting service [Tomcat]
2022-06-28 16:32:05.614  INFO 13856 --- [main] org.apache.catalina.core.StandardEngine  : Starting Servlet engine: [Apache Tomcat/9.0.64]
2022-06-28 16:32:05.724  INFO 13856 --- [main] o.a.c.c.C.[Tomcat].[localhost].[/api]    : Initializing Spring embedded WebApplicationContext
2022-06-28 16:32:05.725  INFO 13856 --- [main] w.s.c.ServletWebServerApplicationContext : Root WebApplicationContext: initialization completed in 1143 ms
2022-06-28 16:32:05.873  INFO 13856 --- [main] o.hibernate.jpa.internal.util.LogHelper  : HHH000204: Processing PersistenceUnitInfo [name: default]
2022-06-28 16:32:05.918  INFO 13856 --- [main] org.hibernate.Version                    : HHH000412: Hibernate ORM core version 5.6.9.Final
2022-06-28 16:32:06.048  INFO 13856 --- [main] o.hibernate.annotations.common.Version   : HCANN000001: Hibernate Commons Annotations {5.1.2.Final}
2022-06-28 16:32:06.140  INFO 13856 --- [main] com.zaxxer.hikari.HikariDataSource       : HikariPool-1 - Starting...
2022-06-28 16:32:06.287  INFO 13856 --- [main] com.zaxxer.hikari.HikariDataSource       : HikariPool-1 - Start completed.
2022-06-28 16:32:06.307  INFO 13856 --- [main] org.hibernate.dialect.Dialect            : HHH000400: Using dialect: org.hibernate.dialect.MySQL8Dialect
2022-06-28 16:32:07.124  INFO 13856 --- [main] o.h.e.t.j.p.i.JtaPlatformInitiator       : HHH000490: Using JtaPlatform implementation: [org.hibernate.engine.transaction.jta.platform.internal.NoJtaPlatform]
2022-06-28 16:32:07.130  INFO 13856 --- [main] j.LocalContainerEntityManagerFactoryBean : Initialized JPA EntityManagerFactory for persistence unit 'default'
2022-06-28 16:32:07.490  WARN 13856 --- [main] JpaBaseConfiguration$JpaWebConfiguration : spring.jpa.open-in-view is enabled by default. Therefore, database queries may be performed during view rendering. Explicitly configure spring.jpa.open-in-view to disable this warning
2022-06-28 16:32:07.780  INFO 13856 --- [main] o.s.b.w.embedded.tomcat.TomcatWebServer  : Tomcat started on port(s): 8080 (http) with context path '/api'
2022-06-28 16:32:07.789  INFO 13856 --- [main] c.e.t.TrainingProjectApplication         : Started TrainingProjectApplication in 3.537 seconds (JVM running for 4.187)
2022-06-28 16:34:04.273  INFO 13856 --- [http-nio-8080-exec-9] o.a.c.c.C.[Tomcat].[localhost].[/api]    : Initializing Spring DispatcherServlet 'dispatcherServlet'
2022-06-28 16:34:04.274  INFO 13856 --- [http-nio-8080-exec-9] o.s.web.servlet.DispatcherServlet        : Initializing Servlet 'dispatcherServlet'
2022-06-28 16:34:04.276  INFO 13856 --- [http-nio-8080-exec-9] o.s.web.servlet.DispatcherServlet        : Completed initialization in 1 ms
2022-06-28 16:34:04.317  INFO 13856 --- [http-nio-8080-exec-9] c.e.t.Controllers.CustomerController     : getting all customers
2022-06-28 16:34:27.123  INFO 13856 --- [http-nio-8080-exec-1] c.e.t.Controllers.CustomerController     : getting all customers
2022-06-28 16:41:24.534  INFO 13856 --- [SpringApplicationShutdownHook] j.LocalContainerEntityManagerFactoryBean : Closing JPA EntityManagerFactory for persistence unit 'default'
2022-06-28 16:41:24.536  INFO 13856 --- [SpringApplicationShutdownHook] com.zaxxer.hikari.HikariDataSource       : HikariPool-1 - Shutdown initiated...
2022-06-28 16:41:24.542  INFO 13856 --- [SpringApplicationShutdownHook] com.zaxxer.hikari.HikariDataSource       : HikariPool-1 - Shutdown completed.
2022-06-28 16:41:29.807  INFO 11848 --- [main] c.e.t.TrainingProjectApplication         : Starting TrainingProjectApplication using Java 18.0.1.1 on SD-LP-W10-Omusa with PID 11848 (C:\Users\omusa\Downloads\training-project\target\classes started by omusa in C:\Users\omusa\Downloads\training-project)
2022-06-28 16:41:29.812  INFO 11848 --- [main] c.e.t.TrainingProjectApplication         : No active profile set, falling back to 1 default profile: "default"
2022-06-28 16:41:30.622  INFO 11848 --- [main] .s.d.r.c.RepositoryConfigurationDelegate : Bootstrapping Spring Data JPA repositories in DEFAULT mode.
2022-06-28 16:41:30.731  INFO 11848 --- [main] .s.d.r.c.RepositoryConfigurationDelegate : Finished Spring Data repository scanning in 95 ms. Found 5 JPA repository interfaces.
2022-06-28 16:41:31.395  INFO 11848 --- [main] o.s.b.w.embedded.tomcat.TomcatWebServer  : Tomcat initialized with port(s): 8080 (http)
2022-06-28 16:41:31.403  INFO 11848 --- [main] o.apache.catalina.core.StandardService   : Starting service [Tomcat]
2022-06-28 16:41:31.404  INFO 11848 --- [main] org.apache.catalina.core.StandardEngine  : Starting Servlet engine: [Apache Tomcat/9.0.64]
2022-06-28 16:41:31.524  INFO 11848 --- [main] o.a.c.c.C.[Tomcat].[localhost].[/apis]   : Initializing Spring embedded WebApplicationContext
2022-06-28 16:41:31.526  INFO 11848 --- [main] w.s.c.ServletWebServerApplicationContext : Root WebApplicationContext: initialization completed in 1637 ms
2022-06-28 16:41:31.685  INFO 11848 --- [main] o.hibernate.jpa.internal.util.LogHelper  : HHH000204: Processing PersistenceUnitInfo [name: default]
2022-06-28 16:41:31.725  INFO 11848 --- [main] org.hibernate.Version                    : HHH000412: Hibernate ORM core version 5.6.9.Final
2022-06-28 16:41:31.853  INFO 11848 --- [main] o.hibernate.annotations.common.Version   : HCANN000001: Hibernate Commons Annotations {5.1.2.Final}
2022-06-28 16:41:31.945  INFO 11848 --- [main] com.zaxxer.hikari.HikariDataSource       : HikariPool-1 - Starting...
2022-06-28 16:41:32.060  INFO 11848 --- [main] com.zaxxer.hikari.HikariDataSource       : HikariPool-1 - Start completed.
2022-06-28 16:41:32.074  INFO 11848 --- [main] org.hibernate.dialect.Dialect            : HHH000400: Using dialect: org.hibernate.dialect.MySQL8Dialect
2022-06-28 16:41:32.829  INFO 11848 --- [main] o.h.e.t.j.p.i.JtaPlatformInitiator       : HHH000490: Using JtaPlatform implementation: [org.hibernate.engine.transaction.jta.platform.internal.NoJtaPlatform]
2022-06-28 16:41:32.836  INFO 11848 --- [main] j.LocalContainerEntityManagerFactoryBean : Initialized JPA EntityManagerFactory for persistence unit 'default'
2022-06-28 16:41:33.265  WARN 11848 --- [main] JpaBaseConfiguration$JpaWebConfiguration : spring.jpa.open-in-view is enabled by default. Therefore, database queries may be performed during view rendering. Explicitly configure spring.jpa.open-in-view to disable this warning
2022-06-28 16:41:33.716  INFO 11848 --- [main] o.s.b.w.embedded.tomcat.TomcatWebServer  : Tomcat started on port(s): 8080 (http) with context path '/apis'
2022-06-28 16:41:33.732  INFO 11848 --- [main] c.e.t.TrainingProjectApplication         : Started TrainingProjectApplication in 4.375 seconds (JVM running for 5.325)
2022-06-28 16:41:43.453  INFO 11848 --- [http-nio-8080-exec-2] o.a.c.c.C.[Tomcat].[localhost].[/apis]   : Initializing Spring DispatcherServlet 'dispatcherServlet'
2022-06-28 16:41:43.454  INFO 11848 --- [http-nio-8080-exec-2] o.s.web.servlet.DispatcherServlet        : Initializing Servlet 'dispatcherServlet'
2022-06-28 16:41:43.457  INFO 11848 --- [http-nio-8080-exec-2] o.s.web.servlet.DispatcherServlet        : Completed initialization in 2 ms
2022-06-28 16:41:43.499  INFO 11848 --- [http-nio-8080-exec-2] c.e.t.Controllers.CustomerController     : getting all customers
2022-06-28 16:42:05.984  INFO 11848 --- [SpringApplicationShutdownHook] j.LocalContainerEntityManagerFactoryBean : Closing JPA EntityManagerFactory for persistence unit 'default'
2022-06-28 16:42:05.986  INFO 11848 --- [SpringApplicationShutdownHook] com.zaxxer.hikari.HikariDataSource       : HikariPool-1 - Shutdown initiated...
2022-06-28 16:42:05.994  INFO 11848 --- [SpringApplicationShutdownHook] com.zaxxer.hikari.HikariDataSource       : HikariPool-1 - Shutdown completed.
2022-06-28 16:42:09.820  INFO 26692 --- [main] c.e.t.TrainingProjectApplication         : Starting TrainingProjectApplication using Java 18.0.1.1 on SD-LP-W10-Omusa with PID 26692 (C:\Users\omusa\Downloads\training-project\target\classes started by omusa in C:\Users\omusa\Downloads\training-project)
2022-06-28 16:42:09.824  INFO 26692 --- [main] c.e.t.TrainingProjectApplication         : No active profile set, falling back to 1 default profile: "default"
2022-06-28 16:42:10.479  INFO 26692 --- [main] .s.d.r.c.RepositoryConfigurationDelegate : Bootstrapping Spring Data JPA repositories in DEFAULT mode.
2022-06-28 16:42:10.538  INFO 26692 --- [main] .s.d.r.c.RepositoryConfigurationDelegate : Finished Spring Data repository scanning in 52 ms. Found 5 JPA repository interfaces.
2022-06-28 16:42:10.986  INFO 26692 --- [main] o.s.b.w.embedded.tomcat.TomcatWebServer  : Tomcat initialized with port(s): 8080 (http)
2022-06-28 16:42:10.995  INFO 26692 --- [main] o.apache.catalina.core.StandardService   : Starting service [Tomcat]
2022-06-28 16:42:10.996  INFO 26692 --- [main] org.apache.catalina.core.StandardEngine  : Starting Servlet engine: [Apache Tomcat/9.0.64]
2022-06-28 16:42:11.103  INFO 26692 --- [main] o.a.c.c.C.[Tomcat].[localhost].[/apis]   : Initializing Spring embedded WebApplicationContext
2022-06-28 16:42:11.104  INFO 26692 --- [main] w.s.c.ServletWebServerApplicationContext : Root WebApplicationContext: initialization completed in 1218 ms
2022-06-28 16:42:11.250  INFO 26692 --- [main] o.hibernate.jpa.internal.util.LogHelper  : HHH000204: Processing PersistenceUnitInfo [name: default]
2022-06-28 16:42:11.285  INFO 26692 --- [main] org.hibernate.Version                    : HHH000412: Hibernate ORM core version 5.6.9.Final
2022-06-28 16:42:11.383  INFO 26692 --- [main] o.hibernate.annotations.common.Version   : HCANN000001: Hibernate Commons Annotations {5.1.2.Final}
2022-06-28 16:42:11.463  INFO 26692 --- [main] com.zaxxer.hikari.HikariDataSource       : HikariPool-1 - Starting...
2022-06-28 16:42:11.577  INFO 26692 --- [main] com.zaxxer.hikari.HikariDataSource       : HikariPool-1 - Start completed.
2022-06-28 16:42:11.595  INFO 26692 --- [main] org.hibernate.dialect.Dialect            : HHH000400: Using dialect: org.hibernate.dialect.MySQL8Dialect
2022-06-28 16:42:12.253  INFO 26692 --- [main] o.h.e.t.j.p.i.JtaPlatformInitiator       : HHH000490: Using JtaPlatform implementation: [org.hibernate.engine.transaction.jta.platform.internal.NoJtaPlatform]
2022-06-28 16:42:12.258  INFO 26692 --- [main] j.LocalContainerEntityManagerFactoryBean : Initialized JPA EntityManagerFactory for persistence unit 'default'
2022-06-28 16:42:12.593  WARN 26692 --- [main] JpaBaseConfiguration$JpaWebConfiguration : spring.jpa.open-in-view is enabled by default. Therefore, database queries may be performed during view rendering. Explicitly configure spring.jpa.open-in-view to disable this warning
2022-06-28 16:42:12.856  INFO 26692 --- [main] o.s.b.w.embedded.tomcat.TomcatWebServer  : Tomcat started on port(s): 8080 (http) with context path '/apis'
2022-06-28 16:42:12.865  INFO 26692 --- [main] c.e.t.TrainingProjectApplication         : Started TrainingProjectApplication in 3.506 seconds (JVM running for 4.332)
2022-06-28 16:42:19.302  INFO 26692 --- [http-nio-8080-exec-1] o.a.c.c.C.[Tomcat].[localhost].[/apis]   : Initializing Spring DispatcherServlet 'dispatcherServlet'
2022-06-28 16:42:19.303  INFO 26692 --- [http-nio-8080-exec-1] o.s.web.servlet.DispatcherServlet        : Initializing Servlet 'dispatcherServlet'
2022-06-28 16:42:19.304  INFO 26692 --- [http-nio-8080-exec-1] o.s.web.servlet.DispatcherServlet        : Completed initialization in 1 ms
2022-06-28 16:42:19.323  INFO 26692 --- [http-nio-8080-exec-1] c.e.t.Controllers.CustomerController     : getting all customers
2022-06-28 16:56:10.440  INFO 26692 --- [SpringApplicationShutdownHook] j.LocalContainerEntityManagerFactoryBean : Closing JPA EntityManagerFactory for persistence unit 'default'
2022-06-28 16:56:10.442  INFO 26692 --- [SpringApplicationShutdownHook] com.zaxxer.hikari.HikariDataSource       : HikariPool-1 - Shutdown initiated...
2022-06-28 16:56:10.449  INFO 26692 --- [SpringApplicationShutdownHook] com.zaxxer.hikari.HikariDataSource       : HikariPool-1 - Shutdown completed.
2022-06-28 16:56:14.576  INFO 4548 --- [main] c.e.t.TrainingProjectApplication         : Starting TrainingProjectApplication using Java 18.0.1.1 on SD-LP-W10-Omusa with PID 4548 (C:\Users\omusa\Downloads\training-project\target\classes started by omusa in C:\Users\omusa\Downloads\training-project)
2022-06-28 16:56:14.578  INFO 4548 --- [main] c.e.t.TrainingProjectApplication         : No active profile set, falling back to 1 default profile: "default"
2022-06-28 16:56:15.208  INFO 4548 --- [main] .s.d.r.c.RepositoryConfigurationDelegate : Bootstrapping Spring Data JPA repositories in DEFAULT mode.
2022-06-28 16:56:15.271  INFO 4548 --- [main] .s.d.r.c.RepositoryConfigurationDelegate : Finished Spring Data repository scanning in 55 ms. Found 5 JPA repository interfaces.
2022-06-28 16:56:15.758  INFO 4548 --- [main] o.s.b.w.embedded.tomcat.TomcatWebServer  : Tomcat initialized with port(s): 8080 (http)
2022-06-28 16:56:15.769  INFO 4548 --- [main] o.apache.catalina.core.StandardService   : Starting service [Tomcat]
2022-06-28 16:56:15.769  INFO 4548 --- [main] org.apache.catalina.core.StandardEngine  : Starting Servlet engine: [Apache Tomcat/9.0.64]
2022-06-28 16:56:15.876  INFO 4548 --- [main] o.a.c.c.C.[Tomcat].[localhost].[/apis]   : Initializing Spring embedded WebApplicationContext
2022-06-28 16:56:15.878  INFO 4548 --- [main] w.s.c.ServletWebServerApplicationContext : Root WebApplicationContext: initialization completed in 1259 ms
2022-06-28 16:56:16.035  INFO 4548 --- [main] o.hibernate.jpa.internal.util.LogHelper  : HHH000204: Processing PersistenceUnitInfo [name: default]
2022-06-28 16:56:16.071  INFO 4548 --- [main] org.hibernate.Version                    : HHH000412: Hibernate ORM core version 5.6.9.Final
2022-06-28 16:56:16.175  INFO 4548 --- [main] o.hibernate.annotations.common.Version   : HCANN000001: Hibernate Commons Annotations {5.1.2.Final}
2022-06-28 16:56:16.250  INFO 4548 --- [main] com.zaxxer.hikari.HikariDataSource       : HikariPool-1 - Starting...
2022-06-28 16:56:16.368  INFO 4548 --- [main] com.zaxxer.hikari.HikariDataSource       : HikariPool-1 - Start completed.
2022-06-28 16:56:16.384  INFO 4548 --- [main] org.hibernate.dialect.Dialect            : HHH000400: Using dialect: org.hibernate.dialect.MySQL8Dialect
2022-06-28 16:56:17.130  INFO 4548 --- [main] o.h.e.t.j.p.i.JtaPlatformInitiator       : HHH000490: Using JtaPlatform implementation: [org.hibernate.engine.transaction.jta.platform.internal.NoJtaPlatform]
2022-06-28 16:56:17.136  INFO 4548 --- [main] j.LocalContainerEntityManagerFactoryBean : Initialized JPA EntityManagerFactory for persistence unit 'default'
2022-06-28 16:56:17.452  WARN 4548 --- [main] JpaBaseConfiguration$JpaWebConfiguration : spring.jpa.open-in-view is enabled by default. Therefore, database queries may be performed during view rendering. Explicitly configure spring.jpa.open-in-view to disable this warning
2022-06-28 16:56:17.701  INFO 4548 --- [main] o.s.b.w.embedded.tomcat.TomcatWebServer  : Tomcat started on port(s): 8080 (http) with context path '/apis'
2022-06-28 16:56:17.710  INFO 4548 --- [main] c.e.t.TrainingProjectApplication         : Started TrainingProjectApplication in 3.425 seconds (JVM running for 3.929)
2022-06-28 16:56:33.997  INFO 4548 --- [http-nio-8080-exec-1] o.a.c.c.C.[Tomcat].[localhost].[/apis]   : Initializing Spring DispatcherServlet 'dispatcherServlet'
2022-06-28 16:56:33.998  INFO 4548 --- [http-nio-8080-exec-1] o.s.web.servlet.DispatcherServlet        : Initializing Servlet 'dispatcherServlet'
2022-06-28 16:56:33.998  INFO 4548 --- [http-nio-8080-exec-1] o.s.web.servlet.DispatcherServlet        : Completed initialization in 0 ms
2022-06-28 16:56:34.095  INFO 4548 --- [http-nio-8080-exec-1] c.e.t.Controllers.CustomerController     : Receved 0 customer.
2022-06-28 16:57:47.083 ERROR 4548 --- [http-nio-8080-exec-5] o.a.c.c.C.[.[.[.[dispatcherServlet]      : Servlet.service() for servlet [dispatcherServlet] in context with path [/apis] threw exception [Request processing failed; nested exception is org.springframework.dao.DataIntegrityViolationException: not-null property references a null or transient value : com.example.trainingproject.Entities.Customer.fullName; nested exception is org.hibernate.PropertyValueException: not-null property references a null or transient value : com.example.trainingproject.Entities.Customer.fullName] with root cause

org.hibernate.PropertyValueException: not-null property references a null or transient value : com.example.trainingproject.Entities.Customer.fullName
	at org.hibernate.engine.internal.Nullability.checkNullability(Nullability.java:111) ~[hibernate-core-5.6.9.Final.jar:5.6.9.Final]
	at org.hibernate.engine.internal.Nullability.checkNullability(Nullability.java:55) ~[hibernate-core-5.6.9.Final.jar:5.6.9.Final]
	at org.hibernate.action.internal.AbstractEntityInsertAction.nullifyTransientReferencesIfNotAlready(AbstractEntityInsertAction.java:116) ~[hibernate-core-5.6.9.Final.jar:5.6.9.Final]
	at org.hibernate.action.internal.EntityIdentityInsertAction.execute(EntityIdentityInsertAction.java:72) ~[hibernate-core-5.6.9.Final.jar:5.6.9.Final]
	at org.hibernate.engine.spi.ActionQueue.execute(ActionQueue.java:645) ~[hibernate-core-5.6.9.Final.jar:5.6.9.Final]
	at org.hibernate.engine.spi.ActionQueue.addResolvedEntityInsertAction(ActionQueue.java:282) ~[hibernate-core-5.6.9.Final.jar:5.6.9.Final]
	at org.hibernate.engine.spi.ActionQueue.addInsertAction(ActionQueue.java:263) ~[hibernate-core-5.6.9.Final.jar:5.6.9.Final]
	at org.hibernate.engine.spi.ActionQueue.addAction(ActionQueue.java:317) ~[hibernate-core-5.6.9.Final.jar:5.6.9.Final]
	at org.hibernate.event.internal.AbstractSaveEventListener.addInsertAction(AbstractSaveEventListener.java:330) ~[hibernate-core-5.6.9.Final.jar:5.6.9.Final]
	at org.hibernate.event.internal.AbstractSaveEventListener.performSaveOrReplicate(AbstractSaveEventListener.java:287) ~[hibernate-core-5.6.9.Final.jar:5.6.9.Final]
	at org.hibernate.event.internal.AbstractSaveEventListener.performSave(AbstractSaveEventListener.java:193) ~[hibernate-core-5.6.9.Final.jar:5.6.9.Final]
	at org.hibernate.event.internal.AbstractSaveEventListener.saveWithGeneratedId(AbstractSaveEventListener.java:123) ~[hibernate-core-5.6.9.Final.jar:5.6.9.Final]
	at org.hibernate.event.internal.DefaultPersistEventListener.entityIsTransient(DefaultPersistEventListener.java:185) ~[hibernate-core-5.6.9.Final.jar:5.6.9.Final]
	at org.hibernate.event.internal.DefaultPersistEventListener.onPersist(DefaultPersistEventListener.java:128) ~[hibernate-core-5.6.9.Final.jar:5.6.9.Final]
	at org.hibernate.event.internal.DefaultPersistEventListener.onPersist(DefaultPersistEventListener.java:55) ~[hibernate-core-5.6.9.Final.jar:5.6.9.Final]
	at org.hibernate.event.service.internal.EventListenerGroupImpl.fireEventOnEachListener(EventListenerGroupImpl.java:107) ~[hibernate-core-5.6.9.Final.jar:5.6.9.Final]
	at org.hibernate.internal.SessionImpl.firePersist(SessionImpl.java:756) ~[hibernate-core-5.6.9.Final.jar:5.6.9.Final]
	at org.hibernate.internal.SessionImpl.persist(SessionImpl.java:742) ~[hibernate-core-5.6.9.Final.jar:5.6.9.Final]
	at java.base/jdk.internal.reflect.DirectMethodHandleAccessor.invoke(DirectMethodHandleAccessor.java:104) ~[na:na]
	at java.base/java.lang.reflect.Method.invoke(Method.java:577) ~[na:na]
	at org.springframework.orm.jpa.ExtendedEntityManagerCreator$ExtendedEntityManagerInvocationHandler.invoke(ExtendedEntityManagerCreator.java:362) ~[spring-orm-5.3.21.jar:5.3.21]
	at jdk.proxy2/jdk.proxy2.$Proxy98.persist(Unknown Source) ~[na:na]
	at java.base/jdk.internal.reflect.DirectMethodHandleAccessor.invoke(DirectMethodHandleAccessor.java:104) ~[na:na]
	at java.base/java.lang.reflect.Method.invoke(Method.java:577) ~[na:na]
	at org.springframework.orm.jpa.SharedEntityManagerCreator$SharedEntityManagerInvocationHandler.invoke(SharedEntityManagerCreator.java:311) ~[spring-orm-5.3.21.jar:5.3.21]
	at jdk.proxy2/jdk.proxy2.$Proxy98.persist(Unknown Source) ~[na:na]
	at org.springframework.data.jpa.repository.support.SimpleJpaRepository.save(SimpleJpaRepository.java:666) ~[spring-data-jpa-2.7.1.jar:2.7.1]
	at java.base/jdk.internal.reflect.DirectMethodHandleAccessor.invoke(DirectMethodHandleAccessor.java:104) ~[na:na]
	at java.base/java.lang.reflect.Method.invoke(Method.java:577) ~[na:na]
	at org.springframework.data.repository.core.support.RepositoryMethodInvoker$RepositoryFragmentMethodInvoker.lambda$new$0(RepositoryMethodInvoker.java:289) ~[spring-data-commons-2.7.1.jar:2.7.1]
	at org.springframework.data.repository.core.support.RepositoryMethodInvoker.doInvoke(RepositoryMethodInvoker.java:137) ~[spring-data-commons-2.7.1.jar:2.7.1]
	at org.springframework.data.repository.core.support.RepositoryMethodInvoker.invoke(RepositoryMethodInvoker.java:121) ~[spring-data-commons-2.7.1.jar:2.7.1]
	at org.springframework.data.repository.core.support.RepositoryComposition$RepositoryFragments.invoke(RepositoryComposition.java:530) ~[spring-data-commons-2.7.1.jar:2.7.1]
	at org.springframework.data.repository.core.support.RepositoryComposition.invoke(RepositoryComposition.java:286) ~[spring-data-commons-2.7.1.jar:2.7.1]
	at org.springframework.data.repository.core.support.RepositoryFactorySupport$ImplementationMethodExecutionInterceptor.invoke(RepositoryFactorySupport.java:640) ~[spring-data-commons-2.7.1.jar:2.7.1]
	at org.springframework.aop.framework.ReflectiveMethodInvocation.proceed(ReflectiveMethodInvocation.java:186) ~[spring-aop-5.3.21.jar:5.3.21]
	at org.springframework.data.repository.core.support.QueryExecutorMethodInterceptor.doInvoke(QueryExecutorMethodInterceptor.java:164) ~[spring-data-commons-2.7.1.jar:2.7.1]
	at org.springframework.data.repository.core.support.QueryExecutorMethodInterceptor.invoke(QueryExecutorMethodInterceptor.java:139) ~[spring-data-commons-2.7.1.jar:2.7.1]
	at org.springframework.aop.framework.ReflectiveMethodInvocation.proceed(ReflectiveMethodInvocation.java:186) ~[spring-aop-5.3.21.jar:5.3.21]
	at org.springframework.data.projection.DefaultMethodInvokingMethodInterceptor.invoke(DefaultMethodInvokingMethodInterceptor.java:81) ~[spring-data-commons-2.7.1.jar:2.7.1]
	at org.springframework.aop.framework.ReflectiveMethodInvocation.proceed(ReflectiveMethodInvocation.java:186) ~[spring-aop-5.3.21.jar:5.3.21]
	at org.springframework.transaction.interceptor.TransactionInterceptor$1.proceedWithInvocation(TransactionInterceptor.java:123) ~[spring-tx-5.3.21.jar:5.3.21]
	at org.springframework.transaction.interceptor.TransactionAspectSupport.invokeWithinTransaction(TransactionAspectSupport.java:388) ~[spring-tx-5.3.21.jar:5.3.21]
	at org.springframework.transaction.interceptor.TransactionInterceptor.invoke(TransactionInterceptor.java:119) ~[spring-tx-5.3.21.jar:5.3.21]
	at org.springframework.aop.framework.ReflectiveMethodInvocation.proceed(ReflectiveMethodInvocation.java:186) ~[spring-aop-5.3.21.jar:5.3.21]
	at org.springframework.dao.support.PersistenceExceptionTranslationInterceptor.invoke(PersistenceExceptionTranslationInterceptor.java:137) ~[spring-tx-5.3.21.jar:5.3.21]
	at org.springframework.aop.framework.ReflectiveMethodInvocation.proceed(ReflectiveMethodInvocation.java:186) ~[spring-aop-5.3.21.jar:5.3.21]
	at org.springframework.data.jpa.repository.support.CrudMethodMetadataPostProcessor$CrudMethodMetadataPopulatingMethodInterceptor.invoke(CrudMethodMetadataPostProcessor.java:174) ~[spring-data-jpa-2.7.1.jar:2.7.1]
	at org.springframework.aop.framework.ReflectiveMethodInvocation.proceed(ReflectiveMethodInvocation.java:186) ~[spring-aop-5.3.21.jar:5.3.21]
	at org.springframework.aop.interceptor.ExposeInvocationInterceptor.invoke(ExposeInvocationInterceptor.java:97) ~[spring-aop-5.3.21.jar:5.3.21]
	at org.springframework.aop.framework.ReflectiveMethodInvocation.proceed(ReflectiveMethodInvocation.java:186) ~[spring-aop-5.3.21.jar:5.3.21]
	at org.springframework.aop.framework.JdkDynamicAopProxy.invoke(JdkDynamicAopProxy.java:215) ~[spring-aop-5.3.21.jar:5.3.21]
	at jdk.proxy2/jdk.proxy2.$Proxy105.save(Unknown Source) ~[na:na]
	at com.example.trainingproject.Services.CustomerService.addCustomer(CustomerService.java:17) ~[classes/:na]
	at com.example.trainingproject.Controllers.CustomerController.addCustomer(CustomerController.java:30) ~[classes/:na]
	at java.base/jdk.internal.reflect.DirectMethodHandleAccessor.invoke(DirectMethodHandleAccessor.java:104) ~[na:na]
	at java.base/java.lang.reflect.Method.invoke(Method.java:577) ~[na:na]
	at org.springframework.web.method.support.InvocableHandlerMethod.doInvoke(InvocableHandlerMethod.java:205) ~[spring-web-5.3.21.jar:5.3.21]
	at org.springframework.web.method.support.InvocableHandlerMethod.invokeForRequest(InvocableHandlerMethod.java:150) ~[spring-web-5.3.21.jar:5.3.21]
	at org.springframework.web.servlet.mvc.method.annotation.ServletInvocableHandlerMethod.invokeAndHandle(ServletInvocableHandlerMethod.java:117) ~[spring-webmvc-5.3.21.jar:5.3.21]
	at org.springframework.web.servlet.mvc.method.annotation.RequestMappingHandlerAdapter.invokeHandlerMethod(RequestMappingHandlerAdapter.java:895) ~[spring-webmvc-5.3.21.jar:5.3.21]
	at org.springframework.web.servlet.mvc.method.annotation.RequestMappingHandlerAdapter.handleInternal(RequestMappingHandlerAdapter.java:808) ~[spring-webmvc-5.3.21.jar:5.3.21]
	at org.springframework.web.servlet.mvc.method.AbstractHandlerMethodAdapter.handle(AbstractHandlerMethodAdapter.java:87) ~[spring-webmvc-5.3.21.jar:5.3.21]
	at org.springframework.web.servlet.DispatcherServlet.doDispatch(DispatcherServlet.java:1067) ~[spring-webmvc-5.3.21.jar:5.3.21]
	at org.springframework.web.servlet.DispatcherServlet.doService(DispatcherServlet.java:963) ~[spring-webmvc-5.3.21.jar:5.3.21]
	at org.springframework.web.servlet.FrameworkServlet.processRequest(FrameworkServlet.java:1006) ~[spring-webmvc-5.3.21.jar:5.3.21]
	at org.springframework.web.servlet.FrameworkServlet.doPost(FrameworkServlet.java:909) ~[spring-webmvc-5.3.21.jar:5.3.21]
	at javax.servlet.http.HttpServlet.service(HttpServlet.java:681) ~[tomcat-embed-core-9.0.64.jar:4.0.FR]
	at org.springframework.web.servlet.FrameworkServlet.service(FrameworkServlet.java:883) ~[spring-webmvc-5.3.21.jar:5.3.21]
	at javax.servlet.http.HttpServlet.service(HttpServlet.java:764) ~[tomcat-embed-core-9.0.64.jar:4.0.FR]
	at org.apache.catalina.core.ApplicationFilterChain.internalDoFilter(ApplicationFilterChain.java:227) ~[tomcat-embed-core-9.0.64.jar:9.0.64]
	at org.apache.catalina.core.ApplicationFilterChain.doFilter(ApplicationFilterChain.java:162) ~[tomcat-embed-core-9.0.64.jar:9.0.64]
	at org.apache.tomcat.websocket.server.WsFilter.doFilter(WsFilter.java:53) ~[tomcat-embed-websocket-9.0.64.jar:9.0.64]
	at org.apache.catalina.core.ApplicationFilterChain.internalDoFilter(ApplicationFilterChain.java:189) ~[tomcat-embed-core-9.0.64.jar:9.0.64]
	at org.apache.catalina.core.ApplicationFilterChain.doFilter(ApplicationFilterChain.java:162) ~[tomcat-embed-core-9.0.64.jar:9.0.64]
	at org.springframework.web.filter.RequestContextFilter.doFilterInternal(RequestContextFilter.java:100) ~[spring-web-5.3.21.jar:5.3.21]
	at org.springframework.web.filter.OncePerRequestFilter.doFilter(OncePerRequestFilter.java:117) ~[spring-web-5.3.21.jar:5.3.21]
	at org.apache.catalina.core.ApplicationFilterChain.internalDoFilter(ApplicationFilterChain.java:189) ~[tomcat-embed-core-9.0.64.jar:9.0.64]
	at org.apache.catalina.core.ApplicationFilterChain.doFilter(ApplicationFilterChain.java:162) ~[tomcat-embed-core-9.0.64.jar:9.0.64]
	at org.springframework.web.filter.FormContentFilter.doFilterInternal(FormContentFilter.java:93) ~[spring-web-5.3.21.jar:5.3.21]
	at org.springframework.web.filter.OncePerRequestFilter.doFilter(OncePerRequestFilter.java:117) ~[spring-web-5.3.21.jar:5.3.21]
	at org.apache.catalina.core.ApplicationFilterChain.internalDoFilter(ApplicationFilterChain.java:189) ~[tomcat-embed-core-9.0.64.jar:9.0.64]
	at org.apache.catalina.core.ApplicationFilterChain.doFilter(ApplicationFilterChain.java:162) ~[tomcat-embed-core-9.0.64.jar:9.0.64]
	at org.springframework.web.filter.CharacterEncodingFilter.doFilterInternal(CharacterEncodingFilter.java:201) ~[spring-web-5.3.21.jar:5.3.21]
	at org.springframework.web.filter.OncePerRequestFilter.doFilter(OncePerRequestFilter.java:117) ~[spring-web-5.3.21.jar:5.3.21]
	at org.apache.catalina.core.ApplicationFilterChain.internalDoFilter(ApplicationFilterChain.java:189) ~[tomcat-embed-core-9.0.64.jar:9.0.64]
	at org.apache.catalina.core.ApplicationFilterChain.doFilter(ApplicationFilterChain.java:162) ~[tomcat-embed-core-9.0.64.jar:9.0.64]
	at org.apache.catalina.core.StandardWrapperValve.invoke(StandardWrapperValve.java:197) ~[tomcat-embed-core-9.0.64.jar:9.0.64]
	at org.apache.catalina.core.StandardContextValve.invoke(StandardContextValve.java:97) ~[tomcat-embed-core-9.0.64.jar:9.0.64]
	at org.apache.catalina.authenticator.AuthenticatorBase.invoke(AuthenticatorBase.java:541) ~[tomcat-embed-core-9.0.64.jar:9.0.64]
	at org.apache.catalina.core.StandardHostValve.invoke(StandardHostValve.java:135) ~[tomcat-embed-core-9.0.64.jar:9.0.64]
	at org.apache.catalina.valves.ErrorReportValve.invoke(ErrorReportValve.java:92) ~[tomcat-embed-core-9.0.64.jar:9.0.64]
	at org.apache.catalina.core.StandardEngineValve.invoke(StandardEngineValve.java:78) ~[tomcat-embed-core-9.0.64.jar:9.0.64]
	at org.apache.catalina.connector.CoyoteAdapter.service(CoyoteAdapter.java:360) ~[tomcat-embed-core-9.0.64.jar:9.0.64]
	at org.apache.coyote.http11.Http11Processor.service(Http11Processor.java:399) ~[tomcat-embed-core-9.0.64.jar:9.0.64]
	at org.apache.coyote.AbstractProcessorLight.process(AbstractProcessorLight.java:65) ~[tomcat-embed-core-9.0.64.jar:9.0.64]
	at org.apache.coyote.AbstractProtocol$ConnectionHandler.process(AbstractProtocol.java:890) ~[tomcat-embed-core-9.0.64.jar:9.0.64]
	at org.apache.tomcat.util.net.NioEndpoint$SocketProcessor.doRun(NioEndpoint.java:1787) ~[tomcat-embed-core-9.0.64.jar:9.0.64]
	at org.apache.tomcat.util.net.SocketProcessorBase.run(SocketProcessorBase.java:49) ~[tomcat-embed-core-9.0.64.jar:9.0.64]
	at org.apache.tomcat.util.threads.ThreadPoolExecutor.runWorker(ThreadPoolExecutor.java:1191) ~[tomcat-embed-core-9.0.64.jar:9.0.64]
	at org.apache.tomcat.util.threads.ThreadPoolExecutor$Worker.run(ThreadPoolExecutor.java:659) ~[tomcat-embed-core-9.0.64.jar:9.0.64]
	at org.apache.tomcat.util.threads.TaskThread$WrappingRunnable.run(TaskThread.java:61) ~[tomcat-embed-core-9.0.64.jar:9.0.64]
	at java.base/java.lang.Thread.run(Thread.java:833) ~[na:na]

2022-06-28 16:58:37.450  INFO 4548 --- [http-nio-8080-exec-8] c.e.t.Controllers.CustomerController     : Receved 1 customer.
2022-06-28 16:58:53.771  INFO 4548 --- [http-nio-8080-exec-10] c.e.t.Controllers.CustomerController     : Receved 2 customer.
2022-06-28 17:02:19.272  INFO 4548 --- [SpringApplicationShutdownHook] j.LocalContainerEntityManagerFactoryBean : Closing JPA EntityManagerFactory for persistence unit 'default'
2022-06-28 17:02:19.273  INFO 4548 --- [SpringApplicationShutdownHook] com.zaxxer.hikari.HikariDataSource       : HikariPool-1 - Shutdown initiated...
2022-06-28 17:02:19.278  INFO 4548 --- [SpringApplicationShutdownHook] com.zaxxer.hikari.HikariDataSource       : HikariPool-1 - Shutdown completed.
2022-06-28 17:21:23.822  INFO 29564 --- [main] c.e.t.TrainingProjectApplication         : Starting TrainingProjectApplication using Java 18.0.1.1 on SD-LP-W10-Omusa with PID 29564 (C:\Users\omusa\Downloads\training-project\target\classes started by omusa in C:\Users\omusa\Downloads\training-project)
2022-06-28 17:21:23.825  INFO 29564 --- [main] c.e.t.TrainingProjectApplication         : No active profile set, falling back to 1 default profile: "default"
2022-06-28 17:21:24.405  INFO 29564 --- [main] .s.d.r.c.RepositoryConfigurationDelegate : Bootstrapping Spring Data JPA repositories in DEFAULT mode.
2022-06-28 17:21:24.455  INFO 29564 --- [main] .s.d.r.c.RepositoryConfigurationDelegate : Finished Spring Data repository scanning in 43 ms. Found 5 JPA repository interfaces.
2022-06-28 17:21:24.901  INFO 29564 --- [main] o.s.b.w.embedded.tomcat.TomcatWebServer  : Tomcat initialized with port(s): 8080 (http)
2022-06-28 17:21:24.909  INFO 29564 --- [main] o.apache.catalina.core.StandardService   : Starting service [Tomcat]
2022-06-28 17:21:24.909  INFO 29564 --- [main] org.apache.catalina.core.StandardEngine  : Starting Servlet engine: [Apache Tomcat/9.0.64]
2022-06-28 17:21:25.018  INFO 29564 --- [main] o.a.c.c.C.[Tomcat].[localhost].[/apis]   : Initializing Spring embedded WebApplicationContext
2022-06-28 17:21:25.020  INFO 29564 --- [main] w.s.c.ServletWebServerApplicationContext : Root WebApplicationContext: initialization completed in 1141 ms
2022-06-28 17:21:25.102  WARN 29564 --- [main] c.h.i.impl.HazelcastInstanceFactory      : Hazelcast is starting in a Java modular environment (Java 9 and newer) but without proper access to required Java packages. Use additional Java arguments to provide Hazelcast access to Java internal API. The internal API access is used to get the best performance results. Arguments to be used:
 --add-modules java.se --add-exports java.base/jdk.internal.ref=ALL-UNNAMED --add-opens java.base/java.lang=ALL-UNNAMED --add-opens java.base/java.nio=ALL-UNNAMED --add-opens java.base/sun.nio.ch=ALL-UNNAMED --add-opens java.management/sun.management=ALL-UNNAMED --add-opens jdk.management/com.sun.management.internal=ALL-UNNAMED
2022-06-28 17:21:25.125  INFO 29564 --- [main] com.hazelcast.instance.AddressPicker     : [LOCAL] [dev] [4.0.2] Prefer IPv4 stack is true, prefer IPv6 addresses is false
2022-06-28 17:21:25.178  INFO 29564 --- [main] com.hazelcast.instance.AddressPicker     : [LOCAL] [dev] [4.0.2] Picked [192.168.1.64]:5701, using socket ServerSocket[addr=/0:0:0:0:0:0:0:0,localport=5701], bind any local is true
2022-06-28 17:21:25.186  INFO 29564 --- [main] com.hazelcast.system                     : [192.168.1.64]:5701 [dev] [4.0.2] Hazelcast 4.0.2 (20200702 - 2de3027) starting at [192.168.1.64]:5701
2022-06-28 17:21:25.186  INFO 29564 --- [main] com.hazelcast.system                     : [192.168.1.64]:5701 [dev] [4.0.2] Copyright (c) 2008-2020, Hazelcast, Inc. All Rights Reserved.
2022-06-28 17:21:25.288  INFO 29564 --- [main] c.h.s.i.o.impl.BackpressureRegulator     : [192.168.1.64]:5701 [dev] [4.0.2] Backpressure is disabled
2022-06-28 17:21:25.429  INFO 29564 --- [main] com.hazelcast.instance.impl.Node         : [192.168.1.64]:5701 [dev] [4.0.2] Creating MulticastJoiner
2022-06-28 17:21:25.433  WARN 29564 --- [main] com.hazelcast.cp.CPSubsystem             : [192.168.1.64]:5701 [dev] [4.0.2] CP Subsystem is not enabled. CP data structures will operate in UNSAFE mode! Please note that UNSAFE mode will not provide strong consistency guarantees.
2022-06-28 17:21:25.535  INFO 29564 --- [main] c.h.s.i.o.impl.OperationExecutorImpl     : [192.168.1.64]:5701 [dev] [4.0.2] Starting 8 partition threads and 5 generic threads (1 dedicated for priority tasks)
2022-06-28 17:21:25.537  INFO 29564 --- [main] c.h.internal.diagnostics.Diagnostics     : [192.168.1.64]:5701 [dev] [4.0.2] Diagnostics disabled. To enable add -Dhazelcast.diagnostics.enabled=true to the JVM arguments.
2022-06-28 17:21:25.543  INFO 29564 --- [main] com.hazelcast.core.LifecycleService      : [192.168.1.64]:5701 [dev] [4.0.2] [192.168.1.64]:5701 is STARTING
2022-06-28 17:21:28.303  INFO 29564 --- [main] c.h.internal.cluster.ClusterService      : [192.168.1.64]:5701 [dev] [4.0.2] 

Members {size:1, ver:1} [
	Member [192.168.1.64]:5701 - 655c77f1-8b5f-4d91-8371-d012f424765d this
]

2022-06-28 17:21:28.320  INFO 29564 --- [main] com.hazelcast.core.LifecycleService      : [192.168.1.64]:5701 [dev] [4.0.2] [192.168.1.64]:5701 is STARTED
2022-06-28 17:21:28.466  INFO 29564 --- [main] o.hibernate.jpa.internal.util.LogHelper  : HHH000204: Processing PersistenceUnitInfo [name: default]
2022-06-28 17:21:28.490  INFO 29564 --- [main] org.hibernate.Version                    : HHH000412: Hibernate ORM core version 5.6.9.Final
2022-06-28 17:21:28.588  INFO 29564 --- [main] o.hibernate.annotations.common.Version   : HCANN000001: Hibernate Commons Annotations {5.1.2.Final}
2022-06-28 17:21:28.639  INFO 29564 --- [main] com.zaxxer.hikari.HikariDataSource       : HikariPool-1 - Starting...
2022-06-28 17:21:28.732  INFO 29564 --- [main] com.zaxxer.hikari.HikariDataSource       : HikariPool-1 - Start completed.
2022-06-28 17:21:28.743  INFO 29564 --- [main] org.hibernate.dialect.Dialect            : HHH000400: Using dialect: org.hibernate.dialect.MySQL8Dialect
2022-06-28 17:21:29.297  INFO 29564 --- [main] o.h.e.t.j.p.i.JtaPlatformInitiator       : HHH000490: Using JtaPlatform implementation: [org.hibernate.engine.transaction.jta.platform.internal.NoJtaPlatform]
2022-06-28 17:21:29.302  INFO 29564 --- [main] j.LocalContainerEntityManagerFactoryBean : Initialized JPA EntityManagerFactory for persistence unit 'default'
2022-06-28 17:21:29.631  WARN 29564 --- [main] JpaBaseConfiguration$JpaWebConfiguration : spring.jpa.open-in-view is enabled by default. Therefore, database queries may be performed during view rendering. Explicitly configure spring.jpa.open-in-view to disable this warning
2022-06-28 17:21:29.909  INFO 29564 --- [main] o.s.b.w.embedded.tomcat.TomcatWebServer  : Tomcat started on port(s): 8080 (http) with context path '/apis'
2022-06-28 17:21:29.926  INFO 29564 --- [main] c.e.t.TrainingProjectApplication         : Started TrainingProjectApplication in 6.526 seconds (JVM running for 7.255)
2022-06-28 17:22:01.382  INFO 29564 --- [http-nio-8080-exec-2] o.a.c.c.C.[Tomcat].[localhost].[/apis]   : Initializing Spring DispatcherServlet 'dispatcherServlet'
2022-06-28 17:22:01.383  INFO 29564 --- [http-nio-8080-exec-2] o.s.web.servlet.DispatcherServlet        : Initializing Servlet 'dispatcherServlet'
2022-06-28 17:22:01.385  INFO 29564 --- [http-nio-8080-exec-2] o.s.web.servlet.DispatcherServlet        : Completed initialization in 2 ms
2022-06-28 17:22:01.563  INFO 29564 --- [http-nio-8080-exec-2] c.e.t.Controllers.CustomerController     : Receved 0 customer.
2022-06-28 17:22:28.042  INFO 29564 --- [http-nio-8080-exec-5] c.h.i.p.impl.PartitionStateManager       : [192.168.1.64]:5701 [dev] [4.0.2] Initializing cluster partition table arrangement...
2022-06-28 17:22:28.107  INFO 29564 --- [http-nio-8080-exec-5] c.e.t.Controllers.CustomerController     : Receved customer : Customer(id=1, fullName=Test 1, location=Ramallah, phone=0599)
2022-06-28 17:25:12.456  INFO 29564 --- [http-nio-8080-exec-10] c.e.t.Controllers.CustomerController     : Receved customer : Customer(id=1, fullName=Test 1, location=Ramallah, phone=0599)
2022-06-28 17:43:25.773  INFO 29564 --- [SpringApplicationShutdownHook] j.LocalContainerEntityManagerFactoryBean : Closing JPA EntityManagerFactory for persistence unit 'default'
2022-06-28 17:43:25.775  INFO 29564 --- [SpringApplicationShutdownHook] com.zaxxer.hikari.HikariDataSource       : HikariPool-1 - Shutdown initiated...
2022-06-28 17:43:25.784  INFO 29564 --- [SpringApplicationShutdownHook] com.zaxxer.hikari.HikariDataSource       : HikariPool-1 - Shutdown completed.
2022-06-28 17:43:43.330  INFO 23756 --- [main] c.e.t.TrainingProjectApplication         : Starting TrainingProjectApplication using Java 18.0.1.1 on SD-LP-W10-Omusa with PID 23756 (C:\Users\omusa\Downloads\training-project\target\classes started by omusa in C:\Users\omusa\Downloads\training-project)
2022-06-28 17:43:43.333  INFO 23756 --- [main] c.e.t.TrainingProjectApplication         : No active profile set, falling back to 1 default profile: "default"
2022-06-28 17:43:43.987  INFO 23756 --- [main] .s.d.r.c.RepositoryConfigurationDelegate : Bootstrapping Spring Data JPA repositories in DEFAULT mode.
2022-06-28 17:43:44.037  INFO 23756 --- [main] .s.d.r.c.RepositoryConfigurationDelegate : Finished Spring Data repository scanning in 42 ms. Found 5 JPA repository interfaces.
2022-06-28 17:43:44.408  INFO 23756 --- [main] o.s.b.w.embedded.tomcat.TomcatWebServer  : Tomcat initialized with port(s): 8080 (http)
2022-06-28 17:43:44.417  INFO 23756 --- [main] o.apache.catalina.core.StandardService   : Starting service [Tomcat]
2022-06-28 17:43:44.417  INFO 23756 --- [main] org.apache.catalina.core.StandardEngine  : Starting Servlet engine: [Apache Tomcat/9.0.64]
2022-06-28 17:43:44.517  INFO 23756 --- [main] o.a.c.c.C.[Tomcat].[localhost].[/apis]   : Initializing Spring embedded WebApplicationContext
2022-06-28 17:43:44.518  INFO 23756 --- [main] w.s.c.ServletWebServerApplicationContext : Root WebApplicationContext: initialization completed in 1126 ms
2022-06-28 17:43:44.665  INFO 23756 --- [main] o.hibernate.jpa.internal.util.LogHelper  : HHH000204: Processing PersistenceUnitInfo [name: default]
2022-06-28 17:43:44.690  INFO 23756 --- [main] org.hibernate.Version                    : HHH000412: Hibernate ORM core version 5.6.9.Final
2022-06-28 17:43:44.772  INFO 23756 --- [main] o.hibernate.annotations.common.Version   : HCANN000001: Hibernate Commons Annotations {5.1.2.Final}
2022-06-28 17:43:44.829  INFO 23756 --- [main] com.zaxxer.hikari.HikariDataSource       : HikariPool-1 - Starting...
2022-06-28 17:43:44.928  INFO 23756 --- [main] com.zaxxer.hikari.HikariDataSource       : HikariPool-1 - Start completed.
2022-06-28 17:43:44.942  INFO 23756 --- [main] org.hibernate.dialect.Dialect            : HHH000400: Using dialect: org.hibernate.dialect.MySQL8Dialect
2022-06-28 17:43:45.560  INFO 23756 --- [main] o.h.e.t.j.p.i.JtaPlatformInitiator       : HHH000490: Using JtaPlatform implementation: [org.hibernate.engine.transaction.jta.platform.internal.NoJtaPlatform]
2022-06-28 17:43:45.572  INFO 23756 --- [main] j.LocalContainerEntityManagerFactoryBean : Initialized JPA EntityManagerFactory for persistence unit 'default'
2022-06-28 17:43:45.984  WARN 23756 --- [main] JpaBaseConfiguration$JpaWebConfiguration : spring.jpa.open-in-view is enabled by default. Therefore, database queries may be performed during view rendering. Explicitly configure spring.jpa.open-in-view to disable this warning
2022-06-28 17:43:46.242  INFO 23756 --- [main] o.s.b.w.embedded.tomcat.TomcatWebServer  : Tomcat started on port(s): 8080 (http) with context path '/apis'
2022-06-28 17:43:46.251  INFO 23756 --- [main] c.e.t.TrainingProjectApplication         : Started TrainingProjectApplication in 3.284 seconds (JVM running for 4.001)
2022-06-28 17:43:58.521  INFO 23756 --- [http-nio-8080-exec-2] o.a.c.c.C.[Tomcat].[localhost].[/apis]   : Initializing Spring DispatcherServlet 'dispatcherServlet'
2022-06-28 17:43:58.522  INFO 23756 --- [http-nio-8080-exec-2] o.s.web.servlet.DispatcherServlet        : Initializing Servlet 'dispatcherServlet'
2022-06-28 17:43:58.523  INFO 23756 --- [http-nio-8080-exec-2] o.s.web.servlet.DispatcherServlet        : Completed initialization in 1 ms
2022-06-28 17:43:58.681  INFO 23756 --- [http-nio-8080-exec-2] c.e.t.Services.CustomerService           : Receved 0 customer : 
2022-06-28 17:44:02.556  INFO 23756 --- [http-nio-8080-exec-3] c.e.t.Services.CustomerService           : Inserted customer : Customer(id=1, fullName=Test 1, location=Ramallah, phone=0599)
2022-06-28 17:44:05.831  INFO 23756 --- [http-nio-8080-exec-4] c.e.t.Services.CustomerService           : Inserted customer : Customer(id=2, fullName=Test 2, location=Ramallah, phone=0599)
2022-06-28 17:44:08.139  INFO 23756 --- [http-nio-8080-exec-5] c.e.t.Services.CustomerService           : Inserted customer : Customer(id=3, fullName=Test 3, location=Ramallah, phone=0599)
2022-06-28 17:45:01.699  INFO 23756 --- [SpringApplicationShutdownHook] j.LocalContainerEntityManagerFactoryBean : Closing JPA EntityManagerFactory for persistence unit 'default'
2022-06-28 17:45:01.701  INFO 23756 --- [SpringApplicationShutdownHook] com.zaxxer.hikari.HikariDataSource       : HikariPool-1 - Shutdown initiated...
2022-06-28 17:45:01.706  INFO 23756 --- [SpringApplicationShutdownHook] com.zaxxer.hikari.HikariDataSource       : HikariPool-1 - Shutdown completed.
2022-06-28 17:45:07.709  INFO 12880 --- [main] c.e.t.TrainingProjectApplication         : Starting TrainingProjectApplication using Java 18.0.1.1 on SD-LP-W10-Omusa with PID 12880 (C:\Users\omusa\Downloads\training-project\target\classes started by omusa in C:\Users\omusa\Downloads\training-project)
2022-06-28 17:45:07.712  INFO 12880 --- [main] c.e.t.TrainingProjectApplication         : No active profile set, falling back to 1 default profile: "default"
2022-06-28 17:45:08.374  INFO 12880 --- [main] .s.d.r.c.RepositoryConfigurationDelegate : Bootstrapping Spring Data JPA repositories in DEFAULT mode.
2022-06-28 17:45:08.426  INFO 12880 --- [main] .s.d.r.c.RepositoryConfigurationDelegate : Finished Spring Data repository scanning in 45 ms. Found 5 JPA repository interfaces.
2022-06-28 17:45:08.812  INFO 12880 --- [main] o.s.b.w.embedded.tomcat.TomcatWebServer  : Tomcat initialized with port(s): 8080 (http)
2022-06-28 17:45:08.821  INFO 12880 --- [main] o.apache.catalina.core.StandardService   : Starting service [Tomcat]
2022-06-28 17:45:08.821  INFO 12880 --- [main] org.apache.catalina.core.StandardEngine  : Starting Servlet engine: [Apache Tomcat/9.0.64]
2022-06-28 17:45:08.937  INFO 12880 --- [main] o.a.c.c.C.[Tomcat].[localhost].[/apis]   : Initializing Spring embedded WebApplicationContext
2022-06-28 17:45:08.937  INFO 12880 --- [main] w.s.c.ServletWebServerApplicationContext : Root WebApplicationContext: initialization completed in 1174 ms
2022-06-28 17:45:09.081  INFO 12880 --- [main] o.hibernate.jpa.internal.util.LogHelper  : HHH000204: Processing PersistenceUnitInfo [name: default]
2022-06-28 17:45:09.110  INFO 12880 --- [main] org.hibernate.Version                    : HHH000412: Hibernate ORM core version 5.6.9.Final
2022-06-28 17:45:09.222  INFO 12880 --- [main] o.hibernate.annotations.common.Version   : HCANN000001: Hibernate Commons Annotations {5.1.2.Final}
2022-06-28 17:45:09.281  INFO 12880 --- [main] com.zaxxer.hikari.HikariDataSource       : HikariPool-1 - Starting...
2022-06-28 17:45:09.379  INFO 12880 --- [main] com.zaxxer.hikari.HikariDataSource       : HikariPool-1 - Start completed.
2022-06-28 17:45:09.392  INFO 12880 --- [main] org.hibernate.dialect.Dialect            : HHH000400: Using dialect: org.hibernate.dialect.MySQL8Dialect
2022-06-28 17:45:09.937  INFO 12880 --- [main] o.h.e.t.j.p.i.JtaPlatformInitiator       : HHH000490: Using JtaPlatform implementation: [org.hibernate.engine.transaction.jta.platform.internal.NoJtaPlatform]
2022-06-28 17:45:09.945  INFO 12880 --- [main] j.LocalContainerEntityManagerFactoryBean : Initialized JPA EntityManagerFactory for persistence unit 'default'
2022-06-28 17:45:10.366  WARN 12880 --- [main] JpaBaseConfiguration$JpaWebConfiguration : spring.jpa.open-in-view is enabled by default. Therefore, database queries may be performed during view rendering. Explicitly configure spring.jpa.open-in-view to disable this warning
2022-06-28 17:45:10.647  INFO 12880 --- [main] o.s.b.w.embedded.tomcat.TomcatWebServer  : Tomcat started on port(s): 8080 (http) with context path '/apis'
2022-06-28 17:45:10.660  INFO 12880 --- [main] c.e.t.TrainingProjectApplication         : Started TrainingProjectApplication in 3.366 seconds (JVM running for 4.17)
2022-06-28 17:45:20.041  INFO 12880 --- [http-nio-8080-exec-2] o.a.c.c.C.[Tomcat].[localhost].[/apis]   : Initializing Spring DispatcherServlet 'dispatcherServlet'
2022-06-28 17:45:20.042  INFO 12880 --- [http-nio-8080-exec-2] o.s.web.servlet.DispatcherServlet        : Initializing Servlet 'dispatcherServlet'
2022-06-28 17:45:20.045  INFO 12880 --- [http-nio-8080-exec-2] o.s.web.servlet.DispatcherServlet        : Completed initialization in 2 ms
2022-06-28 17:45:20.279  INFO 12880 --- [http-nio-8080-exec-2] c.e.t.Services.CustomerService           : Inserted customer : Customer(id=1, fullName=Test 1, location=Ramallah, phone=0599)
2022-06-28 17:45:23.326  INFO 12880 --- [http-nio-8080-exec-3] c.e.t.Services.CustomerService           : Inserted customer : Customer(id=2, fullName=Test 2, location=Ramallah, phone=0599)
2022-06-28 17:45:25.781  INFO 12880 --- [http-nio-8080-exec-4] c.e.t.Services.CustomerService           : Inserted customer : Customer(id=3, fullName=Test 3, location=Ramallah, phone=0599)
2022-06-28 17:45:28.589  INFO 12880 --- [http-nio-8080-exec-5] c.e.t.Services.CustomerService           : Receved 3 customer : 
2022-06-28 17:45:34.927  INFO 12880 --- [http-nio-8080-exec-6] c.e.t.Services.CustomerService           : Existed customer : Customer(id=1, fullName=Test 1, location=Ramallah, phone=0599)
2022-06-28 17:45:57.624  INFO 12880 --- [http-nio-8080-exec-8] c.e.trainingproject.Services.CarService  : Car Id : 1 not found !
2022-06-28 17:59:08.225  INFO 12880 --- [SpringApplicationShutdownHook] j.LocalContainerEntityManagerFactoryBean : Closing JPA EntityManagerFactory for persistence unit 'default'
2022-06-28 17:59:08.228  INFO 12880 --- [SpringApplicationShutdownHook] com.zaxxer.hikari.HikariDataSource       : HikariPool-1 - Shutdown initiated...
2022-06-28 17:59:08.235  INFO 12880 --- [SpringApplicationShutdownHook] com.zaxxer.hikari.HikariDataSource       : HikariPool-1 - Shutdown completed.
2022-06-28 17:59:16.125  INFO 14320 --- [main] c.e.t.TrainingProjectApplication         : Starting TrainingProjectApplication using Java 18.0.1.1 on SD-LP-W10-Omusa with PID 14320 (C:\Users\omusa\Downloads\training-project\target\classes started by omusa in C:\Users\omusa\Downloads\training-project)
2022-06-28 17:59:16.129  INFO 14320 --- [main] c.e.t.TrainingProjectApplication         : No active profile set, falling back to 1 default profile: "default"
2022-06-28 17:59:16.859  INFO 14320 --- [main] .s.d.r.c.RepositoryConfigurationDelegate : Bootstrapping Spring Data JPA repositories in DEFAULT mode.
2022-06-28 17:59:16.908  INFO 14320 --- [main] .s.d.r.c.RepositoryConfigurationDelegate : Finished Spring Data repository scanning in 42 ms. Found 5 JPA repository interfaces.
2022-06-28 17:59:17.298  INFO 14320 --- [main] o.s.b.w.embedded.tomcat.TomcatWebServer  : Tomcat initialized with port(s): 8080 (http)
2022-06-28 17:59:17.305  INFO 14320 --- [main] o.apache.catalina.core.StandardService   : Starting service [Tomcat]
2022-06-28 17:59:17.305  INFO 14320 --- [main] org.apache.catalina.core.StandardEngine  : Starting Servlet engine: [Apache Tomcat/9.0.64]
2022-06-28 17:59:17.435  INFO 14320 --- [main] o.a.c.c.C.[Tomcat].[localhost].[/apis]   : Initializing Spring embedded WebApplicationContext
2022-06-28 17:59:17.435  INFO 14320 --- [main] w.s.c.ServletWebServerApplicationContext : Root WebApplicationContext: initialization completed in 1244 ms
2022-06-28 17:59:17.587  INFO 14320 --- [main] o.hibernate.jpa.internal.util.LogHelper  : HHH000204: Processing PersistenceUnitInfo [name: default]
2022-06-28 17:59:17.633  INFO 14320 --- [main] org.hibernate.Version                    : HHH000412: Hibernate ORM core version 5.6.9.Final
2022-06-28 17:59:17.776  INFO 14320 --- [main] o.hibernate.annotations.common.Version   : HCANN000001: Hibernate Commons Annotations {5.1.2.Final}
2022-06-28 17:59:17.859  INFO 14320 --- [main] com.zaxxer.hikari.HikariDataSource       : HikariPool-1 - Starting...
2022-06-28 17:59:17.981  INFO 14320 --- [main] com.zaxxer.hikari.HikariDataSource       : HikariPool-1 - Start completed.
2022-06-28 17:59:17.999  INFO 14320 --- [main] org.hibernate.dialect.Dialect            : HHH000400: Using dialect: org.hibernate.dialect.MySQL8Dialect
2022-06-28 17:59:18.613  INFO 14320 --- [main] o.h.e.t.j.p.i.JtaPlatformInitiator       : HHH000490: Using JtaPlatform implementation: [org.hibernate.engine.transaction.jta.platform.internal.NoJtaPlatform]
2022-06-28 17:59:18.619  INFO 14320 --- [main] j.LocalContainerEntityManagerFactoryBean : Initialized JPA EntityManagerFactory for persistence unit 'default'
2022-06-28 17:59:19.112  WARN 14320 --- [main] JpaBaseConfiguration$JpaWebConfiguration : spring.jpa.open-in-view is enabled by default. Therefore, database queries may be performed during view rendering. Explicitly configure spring.jpa.open-in-view to disable this warning
2022-06-28 17:59:19.800  INFO 14320 --- [main] o.s.b.w.embedded.tomcat.TomcatWebServer  : Tomcat started on port(s): 8080 (http) with context path '/apis'
2022-06-28 17:59:19.811  INFO 14320 --- [main] c.e.t.TrainingProjectApplication         : Started TrainingProjectApplication in 4.121 seconds (JVM running for 4.939)
2022-06-28 17:59:25.359  INFO 14320 --- [http-nio-8080-exec-1] o.a.c.c.C.[Tomcat].[localhost].[/apis]   : Initializing Spring DispatcherServlet 'dispatcherServlet'
2022-06-28 17:59:25.359  INFO 14320 --- [http-nio-8080-exec-1] o.s.web.servlet.DispatcherServlet        : Initializing Servlet 'dispatcherServlet'
2022-06-28 17:59:25.361  INFO 14320 --- [http-nio-8080-exec-1] o.s.web.servlet.DispatcherServlet        : Completed initialization in 2 ms
2022-06-28 17:59:25.495  INFO 14320 --- [http-nio-8080-exec-1] c.e.t.Services.CustomerService           : Receved 0 customer : 
2022-06-28 17:59:36.749  INFO 14320 --- [http-nio-8080-exec-1] o.springdoc.api.AbstractOpenApiResource  : Init duration for springdoc-openapi is: 327 ms
2022-06-28 17:59:52.673  INFO 14320 --- [http-nio-8080-exec-2] c.e.t.Services.CustomerService           : Receved 0 customer : 
2022-06-28 18:00:09.767  INFO 14320 --- [http-nio-8080-exec-3] c.e.t.Services.CustomerService           : Inserted customer : Customer(id=1, fullName=test, location=test, phone=test)
2022-06-28 18:00:14.823  INFO 14320 --- [http-nio-8080-exec-5] c.e.t.Services.CustomerService           : Receved 1 customer : 
2022-06-28 18:02:39.167  INFO 14320 --- [SpringApplicationShutdownHook] j.LocalContainerEntityManagerFactoryBean : Closing JPA EntityManagerFactory for persistence unit 'default'
2022-06-28 18:02:39.170  INFO 14320 --- [SpringApplicationShutdownHook] com.zaxxer.hikari.HikariDataSource       : HikariPool-1 - Shutdown initiated...
2022-06-28 18:02:39.179  INFO 14320 --- [SpringApplicationShutdownHook] com.zaxxer.hikari.HikariDataSource       : HikariPool-1 - Shutdown completed.
2022-06-28 18:02:47.185  INFO 24456 --- [main] c.e.t.TrainingProjectApplication         : Starting TrainingProjectApplication using Java 18.0.1.1 on SD-LP-W10-Omusa with PID 24456 (C:\Users\omusa\Downloads\training-project\target\classes started by omusa in C:\Users\omusa\Downloads\training-project)
2022-06-28 18:02:47.189  INFO 24456 --- [main] c.e.t.TrainingProjectApplication         : No active profile set, falling back to 1 default profile: "default"
2022-06-28 18:02:48.057  INFO 24456 --- [main] .s.d.r.c.RepositoryConfigurationDelegate : Bootstrapping Spring Data JPA repositories in DEFAULT mode.
2022-06-28 18:02:48.123  INFO 24456 --- [main] .s.d.r.c.RepositoryConfigurationDelegate : Finished Spring Data repository scanning in 58 ms. Found 5 JPA repository interfaces.
2022-06-28 18:02:48.597  INFO 24456 --- [main] o.s.b.w.embedded.tomcat.TomcatWebServer  : Tomcat initialized with port(s): 8080 (http)
2022-06-28 18:02:48.603  INFO 24456 --- [main] o.apache.catalina.core.StandardService   : Starting service [Tomcat]
2022-06-28 18:02:48.604  INFO 24456 --- [main] org.apache.catalina.core.StandardEngine  : Starting Servlet engine: [Apache Tomcat/9.0.64]
2022-06-28 18:02:48.719  INFO 24456 --- [main] o.a.c.c.C.[Tomcat].[localhost].[/apis]   : Initializing Spring embedded WebApplicationContext
2022-06-28 18:02:48.719  INFO 24456 --- [main] w.s.c.ServletWebServerApplicationContext : Root WebApplicationContext: initialization completed in 1479 ms
2022-06-28 18:02:48.904  INFO 24456 --- [main] o.hibernate.jpa.internal.util.LogHelper  : HHH000204: Processing PersistenceUnitInfo [name: default]
2022-06-28 18:02:48.939  INFO 24456 --- [main] org.hibernate.Version                    : HHH000412: Hibernate ORM core version 5.6.9.Final
2022-06-28 18:02:49.059  INFO 24456 --- [main] o.hibernate.annotations.common.Version   : HCANN000001: Hibernate Commons Annotations {5.1.2.Final}
2022-06-28 18:02:49.136  INFO 24456 --- [main] com.zaxxer.hikari.HikariDataSource       : HikariPool-1 - Starting...
2022-06-28 18:02:49.254  INFO 24456 --- [main] com.zaxxer.hikari.HikariDataSource       : HikariPool-1 - Start completed.
2022-06-28 18:02:49.269  INFO 24456 --- [main] org.hibernate.dialect.Dialect            : HHH000400: Using dialect: org.hibernate.dialect.MySQL8Dialect
2022-06-28 18:02:49.881  INFO 24456 --- [main] o.h.e.t.j.p.i.JtaPlatformInitiator       : HHH000490: Using JtaPlatform implementation: [org.hibernate.engine.transaction.jta.platform.internal.NoJtaPlatform]
2022-06-28 18:02:49.889  INFO 24456 --- [main] j.LocalContainerEntityManagerFactoryBean : Initialized JPA EntityManagerFactory for persistence unit 'default'
2022-06-28 18:02:50.458  WARN 24456 --- [main] JpaBaseConfiguration$JpaWebConfiguration : spring.jpa.open-in-view is enabled by default. Therefore, database queries may be performed during view rendering. Explicitly configure spring.jpa.open-in-view to disable this warning
2022-06-28 18:02:51.566  INFO 24456 --- [main] o.s.b.w.embedded.tomcat.TomcatWebServer  : Tomcat started on port(s): 8080 (http) with context path '/apis'
2022-06-28 18:02:51.591  INFO 24456 --- [main] c.e.t.TrainingProjectApplication         : Started TrainingProjectApplication in 4.769 seconds (JVM running for 9.066)
2022-06-28 18:03:29.311  INFO 24456 --- [http-nio-8080-exec-2] o.a.c.c.C.[Tomcat].[localhost].[/apis]   : Initializing Spring DispatcherServlet 'dispatcherServlet'
2022-06-28 18:03:29.313  INFO 24456 --- [http-nio-8080-exec-2] o.s.web.servlet.DispatcherServlet        : Initializing Servlet 'dispatcherServlet'
2022-06-28 18:03:29.315  INFO 24456 --- [http-nio-8080-exec-2] o.s.web.servlet.DispatcherServlet        : Completed initialization in 1 ms
2022-06-28 18:03:36.784  INFO 24456 --- [http-nio-8080-exec-3] c.e.t.Services.CustomerService           : Receved 0 customer : 
2022-06-28 18:03:49.357  INFO 24456 --- [http-nio-8080-exec-3] o.springdoc.api.AbstractOpenApiResource  : Init duration for springdoc-openapi is: 255 ms
2022-06-28 18:04:16.784  INFO 24456 --- [SpringApplicationShutdownHook] j.LocalContainerEntityManagerFactoryBean : Closing JPA EntityManagerFactory for persistence unit 'default'
2022-06-28 18:04:16.787  INFO 24456 --- [SpringApplicationShutdownHook] com.zaxxer.hikari.HikariDataSource       : HikariPool-1 - Shutdown initiated...
2022-06-28 18:04:16.794  INFO 24456 --- [SpringApplicationShutdownHook] com.zaxxer.hikari.HikariDataSource       : HikariPool-1 - Shutdown completed.
2022-06-28 18:04:21.099  INFO 22116 --- [main] c.e.t.TrainingProjectApplication         : Starting TrainingProjectApplication using Java 18.0.1.1 on SD-LP-W10-Omusa with PID 22116 (C:\Users\omusa\Downloads\training-project\target\classes started by omusa in C:\Users\omusa\Downloads\training-project)
2022-06-28 18:04:21.103  INFO 22116 --- [main] c.e.t.TrainingProjectApplication         : No active profile set, falling back to 1 default profile: "default"
2022-06-28 18:04:21.916  INFO 22116 --- [main] .s.d.r.c.RepositoryConfigurationDelegate : Bootstrapping Spring Data JPA repositories in DEFAULT mode.
2022-06-28 18:04:21.969  INFO 22116 --- [main] .s.d.r.c.RepositoryConfigurationDelegate : Finished Spring Data repository scanning in 46 ms. Found 5 JPA repository interfaces.
2022-06-28 18:04:22.394  INFO 22116 --- [main] o.s.b.w.embedded.tomcat.TomcatWebServer  : Tomcat initialized with port(s): 8080 (http)
2022-06-28 18:04:22.401  INFO 22116 --- [main] o.apache.catalina.core.StandardService   : Starting service [Tomcat]
2022-06-28 18:04:22.401  INFO 22116 --- [main] org.apache.catalina.core.StandardEngine  : Starting Servlet engine: [Apache Tomcat/9.0.64]
2022-06-28 18:04:22.507  INFO 22116 --- [main] o.a.c.c.C.[Tomcat].[localhost].[/]       : Initializing Spring embedded WebApplicationContext
2022-06-28 18:04:22.508  INFO 22116 --- [main] w.s.c.ServletWebServerApplicationContext : Root WebApplicationContext: initialization completed in 1336 ms
2022-06-28 18:04:22.647  INFO 22116 --- [main] o.hibernate.jpa.internal.util.LogHelper  : HHH000204: Processing PersistenceUnitInfo [name: default]
2022-06-28 18:04:22.681  INFO 22116 --- [main] org.hibernate.Version                    : HHH000412: Hibernate ORM core version 5.6.9.Final
2022-06-28 18:04:22.782  INFO 22116 --- [main] o.hibernate.annotations.common.Version   : HCANN000001: Hibernate Commons Annotations {5.1.2.Final}
2022-06-28 18:04:22.850  INFO 22116 --- [main] com.zaxxer.hikari.HikariDataSource       : HikariPool-1 - Starting...
2022-06-28 18:04:22.953  INFO 22116 --- [main] com.zaxxer.hikari.HikariDataSource       : HikariPool-1 - Start completed.
2022-06-28 18:04:22.965  INFO 22116 --- [main] org.hibernate.dialect.Dialect            : HHH000400: Using dialect: org.hibernate.dialect.MySQL8Dialect
2022-06-28 18:04:23.500  INFO 22116 --- [main] o.h.e.t.j.p.i.JtaPlatformInitiator       : HHH000490: Using JtaPlatform implementation: [org.hibernate.engine.transaction.jta.platform.internal.NoJtaPlatform]
2022-06-28 18:04:23.508  INFO 22116 --- [main] j.LocalContainerEntityManagerFactoryBean : Initialized JPA EntityManagerFactory for persistence unit 'default'
2022-06-28 18:04:23.996  WARN 22116 --- [main] JpaBaseConfiguration$JpaWebConfiguration : spring.jpa.open-in-view is enabled by default. Therefore, database queries may be performed during view rendering. Explicitly configure spring.jpa.open-in-view to disable this warning
2022-06-28 18:04:24.777  INFO 22116 --- [main] o.s.b.w.embedded.tomcat.TomcatWebServer  : Tomcat started on port(s): 8080 (http) with context path ''
2022-06-28 18:04:24.788  INFO 22116 --- [main] c.e.t.TrainingProjectApplication         : Started TrainingProjectApplication in 4.252 seconds (JVM running for 5.183)
2022-06-28 18:04:27.416  INFO 22116 --- [http-nio-8080-exec-1] o.a.c.c.C.[Tomcat].[localhost].[/]       : Initializing Spring DispatcherServlet 'dispatcherServlet'
2022-06-28 18:04:27.416  INFO 22116 --- [http-nio-8080-exec-1] o.s.web.servlet.DispatcherServlet        : Initializing Servlet 'dispatcherServlet'
2022-06-28 18:04:27.417  INFO 22116 --- [http-nio-8080-exec-1] o.s.web.servlet.DispatcherServlet        : Completed initialization in 0 ms
2022-06-28 18:04:28.264  INFO 22116 --- [http-nio-8080-exec-10] o.springdoc.api.AbstractOpenApiResource  : Init duration for springdoc-openapi is: 473 ms
2022-06-28 18:09:17.128  INFO 22116 --- [SpringApplicationShutdownHook] j.LocalContainerEntityManagerFactoryBean : Closing JPA EntityManagerFactory for persistence unit 'default'
2022-06-28 18:09:17.131  INFO 22116 --- [SpringApplicationShutdownHook] com.zaxxer.hikari.HikariDataSource       : HikariPool-1 - Shutdown initiated...
2022-06-28 18:09:17.140  INFO 22116 --- [SpringApplicationShutdownHook] com.zaxxer.hikari.HikariDataSource       : HikariPool-1 - Shutdown completed.
2022-06-28 18:09:22.607  INFO 28460 --- [main] c.e.t.TrainingProjectApplication         : Starting TrainingProjectApplication using Java 18.0.1.1 on SD-LP-W10-Omusa with PID 28460 (C:\Users\omusa\Downloads\training-project\target\classes started by omusa in C:\Users\omusa\Downloads\training-project)
2022-06-28 18:09:22.610  INFO 28460 --- [main] c.e.t.TrainingProjectApplication         : No active profile set, falling back to 1 default profile: "default"
2022-06-28 18:09:23.289  INFO 28460 --- [main] .s.d.r.c.RepositoryConfigurationDelegate : Bootstrapping Spring Data JPA repositories in DEFAULT mode.
2022-06-28 18:09:23.338  INFO 28460 --- [main] .s.d.r.c.RepositoryConfigurationDelegate : Finished Spring Data repository scanning in 42 ms. Found 5 JPA repository interfaces.
2022-06-28 18:09:23.761  INFO 28460 --- [main] o.s.b.w.embedded.tomcat.TomcatWebServer  : Tomcat initialized with port(s): 8080 (http)
2022-06-28 18:09:23.768  INFO 28460 --- [main] o.apache.catalina.core.StandardService   : Starting service [Tomcat]
2022-06-28 18:09:23.768  INFO 28460 --- [main] org.apache.catalina.core.StandardEngine  : Starting Servlet engine: [Apache Tomcat/9.0.64]
2022-06-28 18:09:23.874  INFO 28460 --- [main] o.a.c.c.C.[Tomcat].[localhost].[/apis]   : Initializing Spring embedded WebApplicationContext
2022-06-28 18:09:23.874  INFO 28460 --- [main] w.s.c.ServletWebServerApplicationContext : Root WebApplicationContext: initialization completed in 1190 ms
2022-06-28 18:09:24.008  INFO 28460 --- [main] o.hibernate.jpa.internal.util.LogHelper  : HHH000204: Processing PersistenceUnitInfo [name: default]
2022-06-28 18:09:24.040  INFO 28460 --- [main] org.hibernate.Version                    : HHH000412: Hibernate ORM core version 5.6.9.Final
2022-06-28 18:09:24.127  INFO 28460 --- [main] o.hibernate.annotations.common.Version   : HCANN000001: Hibernate Commons Annotations {5.1.2.Final}
2022-06-28 18:09:24.184  INFO 28460 --- [main] com.zaxxer.hikari.HikariDataSource       : HikariPool-1 - Starting...
2022-06-28 18:09:24.281  INFO 28460 --- [main] com.zaxxer.hikari.HikariDataSource       : HikariPool-1 - Start completed.
2022-06-28 18:09:24.294  INFO 28460 --- [main] org.hibernate.dialect.Dialect            : HHH000400: Using dialect: org.hibernate.dialect.MySQL8Dialect
2022-06-28 18:09:24.825  INFO 28460 --- [main] o.h.e.t.j.p.i.JtaPlatformInitiator       : HHH000490: Using JtaPlatform implementation: [org.hibernate.engine.transaction.jta.platform.internal.NoJtaPlatform]
2022-06-28 18:09:24.832  INFO 28460 --- [main] j.LocalContainerEntityManagerFactoryBean : Initialized JPA EntityManagerFactory for persistence unit 'default'
2022-06-28 18:09:25.377  WARN 28460 --- [main] JpaBaseConfiguration$JpaWebConfiguration : spring.jpa.open-in-view is enabled by default. Therefore, database queries may be performed during view rendering. Explicitly configure spring.jpa.open-in-view to disable this warning
2022-06-28 18:09:26.319  INFO 28460 --- [main] o.s.b.w.embedded.tomcat.TomcatWebServer  : Tomcat started on port(s): 8080 (http) with context path '/apis'
2022-06-28 18:09:26.337  INFO 28460 --- [main] c.e.t.TrainingProjectApplication         : Started TrainingProjectApplication in 4.158 seconds (JVM running for 4.973)
2022-06-28 18:09:54.776  INFO 28460 --- [http-nio-8080-exec-3] o.a.c.c.C.[Tomcat].[localhost].[/apis]   : Initializing Spring DispatcherServlet 'dispatcherServlet'
2022-06-28 18:09:54.777  INFO 28460 --- [http-nio-8080-exec-3] o.s.web.servlet.DispatcherServlet        : Initializing Servlet 'dispatcherServlet'
2022-06-28 18:09:54.781  INFO 28460 --- [http-nio-8080-exec-3] o.s.web.servlet.DispatcherServlet        : Completed initialization in 1 ms
2022-06-28 18:09:55.429  INFO 28460 --- [http-nio-8080-exec-9] o.springdoc.api.AbstractOpenApiResource  : Init duration for springdoc-openapi is: 364 ms
2022-06-28 18:11:03.255  INFO 28460 --- [SpringApplicationShutdownHook] j.LocalContainerEntityManagerFactoryBean : Closing JPA EntityManagerFactory for persistence unit 'default'
2022-06-28 18:11:03.256  INFO 28460 --- [SpringApplicationShutdownHook] com.zaxxer.hikari.HikariDataSource       : HikariPool-1 - Shutdown initiated...
2022-06-28 18:11:03.263  INFO 28460 --- [SpringApplicationShutdownHook] com.zaxxer.hikari.HikariDataSource       : HikariPool-1 - Shutdown completed.
2022-06-28 18:11:09.170  INFO 19932 --- [main] c.e.t.TrainingProjectApplication         : Starting TrainingProjectApplication using Java 18.0.1.1 on SD-LP-W10-Omusa with PID 19932 (C:\Users\omusa\Downloads\training-project\target\classes started by omusa in C:\Users\omusa\Downloads\training-project)
2022-06-28 18:11:09.174  INFO 19932 --- [main] c.e.t.TrainingProjectApplication         : No active profile set, falling back to 1 default profile: "default"
2022-06-28 18:11:10.028  INFO 19932 --- [main] .s.d.r.c.RepositoryConfigurationDelegate : Bootstrapping Spring Data JPA repositories in DEFAULT mode.
2022-06-28 18:11:10.082  INFO 19932 --- [main] .s.d.r.c.RepositoryConfigurationDelegate : Finished Spring Data repository scanning in 45 ms. Found 5 JPA repository interfaces.
2022-06-28 18:11:10.509  INFO 19932 --- [main] o.s.b.w.embedded.tomcat.TomcatWebServer  : Tomcat initialized with port(s): 8080 (http)
2022-06-28 18:11:10.516  INFO 19932 --- [main] o.apache.catalina.core.StandardService   : Starting service [Tomcat]
2022-06-28 18:11:10.517  INFO 19932 --- [main] org.apache.catalina.core.StandardEngine  : Starting Servlet engine: [Apache Tomcat/9.0.64]
2022-06-28 18:11:10.634  INFO 19932 --- [main] o.a.c.c.C.[Tomcat].[localhost].[/apis]   : Initializing Spring embedded WebApplicationContext
2022-06-28 18:11:10.635  INFO 19932 --- [main] w.s.c.ServletWebServerApplicationContext : Root WebApplicationContext: initialization completed in 1383 ms
2022-06-28 18:11:10.793  INFO 19932 --- [main] o.hibernate.jpa.internal.util.LogHelper  : HHH000204: Processing PersistenceUnitInfo [name: default]
2022-06-28 18:11:10.824  INFO 19932 --- [main] org.hibernate.Version                    : HHH000412: Hibernate ORM core version 5.6.9.Final
2022-06-28 18:11:10.911  INFO 19932 --- [main] o.hibernate.annotations.common.Version   : HCANN000001: Hibernate Commons Annotations {5.1.2.Final}
2022-06-28 18:11:10.971  INFO 19932 --- [main] com.zaxxer.hikari.HikariDataSource       : HikariPool-1 - Starting...
2022-06-28 18:11:11.076  INFO 19932 --- [main] com.zaxxer.hikari.HikariDataSource       : HikariPool-1 - Start completed.
2022-06-28 18:11:11.090  INFO 19932 --- [main] org.hibernate.dialect.Dialect            : HHH000400: Using dialect: org.hibernate.dialect.MySQL8Dialect
2022-06-28 18:11:11.650  INFO 19932 --- [main] o.h.e.t.j.p.i.JtaPlatformInitiator       : HHH000490: Using JtaPlatform implementation: [org.hibernate.engine.transaction.jta.platform.internal.NoJtaPlatform]
2022-06-28 18:11:11.656  INFO 19932 --- [main] j.LocalContainerEntityManagerFactoryBean : Initialized JPA EntityManagerFactory for persistence unit 'default'
2022-06-28 18:11:12.162  WARN 19932 --- [main] JpaBaseConfiguration$JpaWebConfiguration : spring.jpa.open-in-view is enabled by default. Therefore, database queries may be performed during view rendering. Explicitly configure spring.jpa.open-in-view to disable this warning
2022-06-28 18:11:12.922  INFO 19932 --- [main] o.s.b.w.embedded.tomcat.TomcatWebServer  : Tomcat started on port(s): 8080 (http) with context path '/apis'
2022-06-28 18:11:12.932  INFO 19932 --- [main] c.e.t.TrainingProjectApplication         : Started TrainingProjectApplication in 4.258 seconds (JVM running for 5.588)
2022-06-28 18:11:12.983  INFO 19932 --- [http-nio-8080-exec-1] o.a.c.c.C.[Tomcat].[localhost].[/apis]   : Initializing Spring DispatcherServlet 'dispatcherServlet'
2022-06-28 18:11:12.983  INFO 19932 --- [http-nio-8080-exec-1] o.s.web.servlet.DispatcherServlet        : Initializing Servlet 'dispatcherServlet'
2022-06-28 18:11:12.985  INFO 19932 --- [http-nio-8080-exec-1] o.s.web.servlet.DispatcherServlet        : Completed initialization in 1 ms
2022-06-28 18:11:13.614  INFO 19932 --- [http-nio-8080-exec-9] o.springdoc.api.AbstractOpenApiResource  : Init duration for springdoc-openapi is: 276 ms
2022-06-28 18:15:37.440  INFO 19932 --- [SpringApplicationShutdownHook] j.LocalContainerEntityManagerFactoryBean : Closing JPA EntityManagerFactory for persistence unit 'default'
2022-06-28 18:15:37.442  INFO 19932 --- [SpringApplicationShutdownHook] com.zaxxer.hikari.HikariDataSource       : HikariPool-1 - Shutdown initiated...
2022-06-28 18:15:37.448  INFO 19932 --- [SpringApplicationShutdownHook] com.zaxxer.hikari.HikariDataSource       : HikariPool-1 - Shutdown completed.
2022-06-28 18:15:43.372  INFO 19584 --- [main] c.e.t.TrainingProjectApplication         : Starting TrainingProjectApplication using Java 18.0.1.1 on SD-LP-W10-Omusa with PID 19584 (C:\Users\omusa\Downloads\training-project\target\classes started by omusa in C:\Users\omusa\Downloads\training-project)
2022-06-28 18:15:43.376  INFO 19584 --- [main] c.e.t.TrainingProjectApplication         : No active profile set, falling back to 1 default profile: "default"
2022-06-28 18:15:44.739  INFO 19584 --- [main] .s.d.r.c.RepositoryConfigurationDelegate : Bootstrapping Spring Data JPA repositories in DEFAULT mode.
2022-06-28 18:15:44.826  INFO 19584 --- [main] .s.d.r.c.RepositoryConfigurationDelegate : Finished Spring Data repository scanning in 76 ms. Found 5 JPA repository interfaces.
2022-06-28 18:15:45.484  INFO 19584 --- [main] o.s.b.w.embedded.tomcat.TomcatWebServer  : Tomcat initialized with port(s): 8080 (http)
2022-06-28 18:15:45.491  INFO 19584 --- [main] o.apache.catalina.core.StandardService   : Starting service [Tomcat]
2022-06-28 18:15:45.491  INFO 19584 --- [main] org.apache.catalina.core.StandardEngine  : Starting Servlet engine: [Apache Tomcat/9.0.64]
2022-06-28 18:15:45.620  INFO 19584 --- [main] o.a.c.c.C.[Tomcat].[localhost].[/apis]   : Initializing Spring embedded WebApplicationContext
2022-06-28 18:15:45.621  INFO 19584 --- [main] w.s.c.ServletWebServerApplicationContext : Root WebApplicationContext: initialization completed in 2156 ms
2022-06-28 18:15:45.776  INFO 19584 --- [main] o.hibernate.jpa.internal.util.LogHelper  : HHH000204: Processing PersistenceUnitInfo [name: default]
2022-06-28 18:15:45.809  INFO 19584 --- [main] org.hibernate.Version                    : HHH000412: Hibernate ORM core version 5.6.9.Final
2022-06-28 18:15:45.921  INFO 19584 --- [main] o.hibernate.annotations.common.Version   : HCANN000001: Hibernate Commons Annotations {5.1.2.Final}
2022-06-28 18:15:45.998  INFO 19584 --- [main] com.zaxxer.hikari.HikariDataSource       : HikariPool-1 - Starting...
2022-06-28 18:15:46.107  INFO 19584 --- [main] com.zaxxer.hikari.HikariDataSource       : HikariPool-1 - Start completed.
2022-06-28 18:15:46.123  INFO 19584 --- [main] org.hibernate.dialect.Dialect            : HHH000400: Using dialect: org.hibernate.dialect.MySQL8Dialect
2022-06-28 18:15:46.721  INFO 19584 --- [main] o.h.e.t.j.p.i.JtaPlatformInitiator       : HHH000490: Using JtaPlatform implementation: [org.hibernate.engine.transaction.jta.platform.internal.NoJtaPlatform]
2022-06-28 18:15:46.729  INFO 19584 --- [main] j.LocalContainerEntityManagerFactoryBean : Initialized JPA EntityManagerFactory for persistence unit 'default'
2022-06-28 18:15:47.293  WARN 19584 --- [main] JpaBaseConfiguration$JpaWebConfiguration : spring.jpa.open-in-view is enabled by default. Therefore, database queries may be performed during view rendering. Explicitly configure spring.jpa.open-in-view to disable this warning
2022-06-28 18:15:48.135  INFO 19584 --- [main] o.s.b.w.embedded.tomcat.TomcatWebServer  : Tomcat started on port(s): 8080 (http) with context path '/apis'
2022-06-28 18:15:48.148  INFO 19584 --- [main] c.e.t.TrainingProjectApplication         : Started TrainingProjectApplication in 5.236 seconds (JVM running for 6.327)
2022-06-28 18:16:00.868  INFO 19584 --- [http-nio-8080-exec-1] o.a.c.c.C.[Tomcat].[localhost].[/apis]   : Initializing Spring DispatcherServlet 'dispatcherServlet'
2022-06-28 18:16:00.869  INFO 19584 --- [http-nio-8080-exec-1] o.s.web.servlet.DispatcherServlet        : Initializing Servlet 'dispatcherServlet'
2022-06-28 18:16:00.870  INFO 19584 --- [http-nio-8080-exec-1] o.s.web.servlet.DispatcherServlet        : Completed initialization in 1 ms
2022-06-28 18:16:01.603  INFO 19584 --- [http-nio-8080-exec-9] o.springdoc.api.AbstractOpenApiResource  : Init duration for springdoc-openapi is: 394 ms
